
--- 2025-12-02T06:30:06.603Z debug
🪵  Writing logs to "/home/runner/workspace/.config/.wrangler/logs/wrangler-2025-12-02_06-30-06_360.log"
---

--- 2025-12-02T06:30:06.603Z debug
Metrics dispatcher: Posting data {"deviceId":"df119472-69af-4978-8670-8507627ca713","event":"wrangler command started","timestamp":1764657006602,"properties":{"amplitude_session_id":1764657006599,"amplitude_event_id":0,"wranglerVersion":"4.51.0","osPlatform":"Linux","osVersion":"#1-NixOS SMP PREEMPT_DYNAMIC Tue Jan  1 00:00:00 UTC 1980","nodeVersion":22,"isFirstUsage":false,"configFileType":"none","isCI":false,"isPagesCI":false,"isWorkersCI":false,"isInteractive":false,"hasAssets":false,"argsUsed":[],"argsCombination":"","command":"wrangler d1 create","args":{}}}
---

--- 2025-12-02T06:30:06.621Z debug
.env file not found at "/home/runner/workspace/.env". Continuing... For more details, refer to https://developers.cloudflare.com/workers/wrangler/system-environment-variables/
---

--- 2025-12-02T06:30:06.621Z debug
.env file not found at "/home/runner/workspace/.env.local". Continuing... For more details, refer to https://developers.cloudflare.com/workers/wrangler/system-environment-variables/
---

--- 2025-12-02T06:30:06.662Z log

 ⛅️ wrangler 4.51.0
───────────────────
---

--- 2025-12-02T06:30:06.694Z log

---

--- 2025-12-02T06:30:06.844Z error
✘ [ERROR] In a non-interactive environment, it's necessary to set a CLOUDFLARE_API_TOKEN environment variable for wrangler to work. Please go to https://developers.cloudflare.com/fundamentals/api/get-started/create-token/ for instructions on how to create an api token, and assign its value to CLOUDFLARE_API_TOKEN.


---

--- 2025-12-02T06:30:06.868Z debug
Error: In a non-interactive environment, it's necessary to set a CLOUDFLARE_API_TOKEN environment variable for wrangler to work. Please go to https://developers.cloudflare.com/fundamentals/api/get-started/create-token/ for instructions on how to create an api token, and assign its value to CLOUDFLARE_API_TOKEN.
    at requireAuth (/home/runner/workspace/node_modules/wrangler/wrangler-dist/cli.js:120416:13)
    at async Object.handler (/home/runner/workspace/node_modules/wrangler/wrangler-dist/cli.js:138423:27)
    at async Object.handler (/home/runner/workspace/node_modules/wrangler/wrangler-dist/cli.js:165058:7)
---

--- 2025-12-02T06:30:06.870Z debug
Metrics dispatcher: Posting data {"deviceId":"df119472-69af-4978-8670-8507627ca713","event":"wrangler command errored","timestamp":1764657006870,"properties":{"amplitude_session_id":1764657006599,"amplitude_event_id":1,"wranglerVersion":"4.51.0","osPlatform":"Linux","osVersion":"#1-NixOS SMP PREEMPT_DYNAMIC Tue Jan  1 00:00:00 UTC 1980","nodeVersion":22,"isFirstUsage":false,"configFileType":"none","isCI":false,"isPagesCI":false,"isWorkersCI":false,"isInteractive":false,"hasAssets":false,"argsUsed":[],"argsCombination":"","command":"wrangler d1 create","args":{},"durationMs":292,"durationSeconds":0.292,"durationMinutes":0.004866666666666667,"errorType":"UserError"}}
---
