
--- 2025-12-02T06:30:02.707Z debug
🪵  Writing logs to "/home/runner/workspace/.config/.wrangler/logs/wrangler-2025-12-02_06-30-02_490.log"
---

--- 2025-12-02T06:30:02.707Z debug
Metrics dispatcher: Posting data {"deviceId":"df119472-69af-4978-8670-8507627ca713","event":"wrangler command started","timestamp":1764657002706,"properties":{"amplitude_session_id":1764657002704,"amplitude_event_id":0,"wranglerVersion":"4.51.0","osPlatform":"Linux","osVersion":"#1-NixOS SMP PREEMPT_DYNAMIC Tue Jan  1 00:00:00 UTC 1980","nodeVersion":22,"isFirstUsage":false,"configFileType":"none","isCI":false,"isPagesCI":false,"isWorkersCI":false,"isInteractive":false,"hasAssets":false,"argsUsed":[],"argsCombination":"","command":"wrangler whoami","args":{}}}
---

--- 2025-12-02T06:30:02.721Z debug
.env file not found at "/home/runner/workspace/.env". Continuing... For more details, refer to https://developers.cloudflare.com/workers/wrangler/system-environment-variables/
---

--- 2025-12-02T06:30:02.721Z debug
.env file not found at "/home/runner/workspace/.env.local". Continuing... For more details, refer to https://developers.cloudflare.com/workers/wrangler/system-environment-variables/
---

--- 2025-12-02T06:30:03.268Z log

 ⛅️ wrangler 4.51.0
───────────────────
---

--- 2025-12-02T06:30:03.282Z log
Getting User settings...
---

--- 2025-12-02T06:30:03.283Z log
You are not authenticated. Please run `wrangler login`.
---

--- 2025-12-02T06:30:03.284Z debug
Metrics dispatcher: Posting data {"deviceId":"df119472-69af-4978-8670-8507627ca713","event":"view accounts","timestamp":1764657003283,"properties":{"category":"Workers","wranglerVersion":"4.51.0","os":"linux:x64"}}
---

--- 2025-12-02T06:30:03.286Z debug
Metrics dispatcher: Posting data {"deviceId":"df119472-69af-4978-8670-8507627ca713","event":"wrangler command completed","timestamp":1764657003286,"properties":{"amplitude_session_id":1764657002704,"amplitude_event_id":1,"wranglerVersion":"4.51.0","osPlatform":"Linux","osVersion":"#1-NixOS SMP PREEMPT_DYNAMIC Tue Jan  1 00:00:00 UTC 1980","nodeVersion":22,"isFirstUsage":false,"configFileType":"none","isCI":false,"isPagesCI":false,"isWorkersCI":false,"isInteractive":false,"hasAssets":false,"argsUsed":[],"argsCombination":"","command":"wrangler whoami","args":{},"durationMs":596,"durationSeconds":0.596,"durationMinutes":0.009933333333333332}}
---
