
--- 2025-12-02T06:30:04.831Z debug
🪵  Writing logs to "/home/runner/workspace/.config/.wrangler/logs/wrangler-2025-12-02_06-30-04_616.log"
---

--- 2025-12-02T06:30:04.831Z debug
Metrics dispatcher: Posting data {"deviceId":"df119472-69af-4978-8670-8507627ca713","event":"wrangler command started","timestamp":1764657004831,"properties":{"amplitude_session_id":1764657004828,"amplitude_event_id":0,"wranglerVersion":"4.51.0","osPlatform":"Linux","osVersion":"#1-NixOS SMP PREEMPT_DYNAMIC Tue Jan  1 00:00:00 UTC 1980","nodeVersion":22,"isFirstUsage":false,"configFileType":"none","isCI":false,"isPagesCI":false,"isWorkersCI":false,"isInteractive":false,"hasAssets":false,"argsUsed":[],"argsCombination":"","command":"wrangler d1 info","args":{}}}
---

--- 2025-12-02T06:30:04.845Z debug
.env file not found at "/home/runner/workspace/.env". Continuing... For more details, refer to https://developers.cloudflare.com/workers/wrangler/system-environment-variables/
---

--- 2025-12-02T06:30:04.846Z debug
.env file not found at "/home/runner/workspace/.env.local". Continuing... For more details, refer to https://developers.cloudflare.com/workers/wrangler/system-environment-variables/
---

--- 2025-12-02T06:30:04.878Z log

 ⛅️ wrangler 4.51.0
───────────────────
---

--- 2025-12-02T06:30:04.897Z log

---

--- 2025-12-02T06:30:05.077Z error
✘ [ERROR] In a non-interactive environment, it's necessary to set a CLOUDFLARE_API_TOKEN environment variable for wrangler to work. Please go to https://developers.cloudflare.com/fundamentals/api/get-started/create-token/ for instructions on how to create an api token, and assign its value to CLOUDFLARE_API_TOKEN.


---

--- 2025-12-02T06:30:05.108Z debug
Error: In a non-interactive environment, it's necessary to set a CLOUDFLARE_API_TOKEN environment variable for wrangler to work. Please go to https://developers.cloudflare.com/fundamentals/api/get-started/create-token/ for instructions on how to create an api token, and assign its value to CLOUDFLARE_API_TOKEN.
    at requireAuth (/home/runner/workspace/node_modules/wrangler/wrangler-dist/cli.js:120416:13)
    at async Object.handler (/home/runner/workspace/node_modules/wrangler/wrangler-dist/cli.js:166149:27)
    at async Object.handler (/home/runner/workspace/node_modules/wrangler/wrangler-dist/cli.js:165058:7)
---

--- 2025-12-02T06:30:05.110Z debug
Metrics dispatcher: Posting data {"deviceId":"df119472-69af-4978-8670-8507627ca713","event":"wrangler command errored","timestamp":1764657005110,"properties":{"amplitude_session_id":1764657004828,"amplitude_event_id":1,"wranglerVersion":"4.51.0","osPlatform":"Linux","osVersion":"#1-NixOS SMP PREEMPT_DYNAMIC Tue Jan  1 00:00:00 UTC 1980","nodeVersion":22,"isFirstUsage":false,"configFileType":"none","isCI":false,"isPagesCI":false,"isWorkersCI":false,"isInteractive":false,"hasAssets":false,"argsUsed":[],"argsCombination":"","command":"wrangler d1 info","args":{},"durationMs":301,"durationSeconds":0.301,"durationMinutes":0.005016666666666667,"errorType":"UserError"}}
---
